<?xml version="1.0" encoding="UTF-8"?>
<!-- Generated by org.testng.reporters.JUnitReportReporter -->
<testsuite hostname="win-PC" failures="0" tests="1" name="eCommerceProject.Amazon" time="44.964" errors="0" timestamp="2023-08-03T18:54:17 IST" skipped="0">
  <testcase classname="eCommerceProject.Amazon" name="amazontest" time="44.964"/>
  <system-out>
    <![CDATA[Opening Amazon]]>
  </system-out>
</testsuite> <!-- eCommerceProject.Amazon -->
