<?xml version="1.0" encoding="UTF-8"?>
<!-- Generated by org.testng.reporters.JUnitReportReporter -->
<testsuite hostname="win-PC" failures="0" tests="1" name="eCommerceProject.FlipKart" time="51.373" errors="0" timestamp="2023-08-03T18:54:17 IST" skipped="0">
  <testcase classname="eCommerceProject.FlipKart" name="flipKartTest" time="51.373"/>
  <system-out>
    <![CDATA[Opening FlipKart]]>
  </system-out>
</testsuite> <!-- eCommerceProject.FlipKart -->
